\BOOKMARK [1][-]{Abstract.1}{Abstract}{}% 1
\BOOKMARK [1][-]{Acknowledgements.1}{Acknowledgements}{}% 2
\BOOKMARK [1][-]{Introduction.1}{Introduction}{}% 3
\BOOKMARK [1][-]{tableofcontents.1}{Contents}{}% 4
\BOOKMARK [-1][]{part.1}{The Lord of the Rings}{}% 5
\BOOKMARK [0][]{chapter.1}{1 The Fellowship of the ring}{part.1}% 6
\BOOKMARK [1][-]{section.1.1}{1.1 The Shire}{chapter.1}% 7
\BOOKMARK [2][-]{subsection.1.1.1}{1.1.1 Frodo be chillin}{section.1.1}% 8
\BOOKMARK [2][-]{subsection.1.1.2}{1.1.2 Gandalf Commth}{section.1.1}% 9
\BOOKMARK [0][]{chapter.2}{2 The Two Towers}{part.1}% 10
\BOOKMARK [1][-]{subsection.2.0.1}{2.0.1 Feynman diagrams}{chapter.2}% 11
\BOOKMARK [0][]{chapter.3}{3 The Return of the King}{part.1}% 12
\BOOKMARK [-1][]{part.2}{The Hobbit}{}% 13
\BOOKMARK [0][]{chapter.4}{4 Let's waste 10 hours in the shire - the movie}{part.2}% 14
\BOOKMARK [0][]{chapter.5}{5 Some shit or something idk don't rember}{part.2}% 15
\BOOKMARK [1][-]{section.5.1}{5.1 blop}{chapter.5}% 16
\BOOKMARK [1][-]{section.5.2}{5.2 Same blop}{chapter.5}% 17
\BOOKMARK [0][]{chapter.6}{6 Wait there's three?}{part.2}% 18
\BOOKMARK [-1][]{part.3}{Appendices}{}% 19
\BOOKMARK [0][]{appendix.A}{A Appendix A: Theory and production}{part.3}% 20
\BOOKMARK [0][]{appendix.B}{B Appendix B: Production and data}{part.3}% 21
\BOOKMARK [0][]{appendix.C}{C Appendices}{part.3}% 22
\BOOKMARK [0][]{dummy.2}{Acronyms}{part.3}% 23
\BOOKMARK [1][-]{acronyms.1}{Acronyms}{dummy.2}% 24
\BOOKMARK [0][]{dummy.3}{List of Figures}{part.3}% 25
\BOOKMARK [1][-]{lof.1}{List of Figures}{dummy.3}% 26
\BOOKMARK [0][]{dummy.4}{List of Tables}{part.3}% 27
\BOOKMARK [1][-]{lot.1}{List of Tables}{dummy.4}% 28
\BOOKMARK [0][]{dummy.5}{Bibliography}{part.3}% 29
